android/app/build/intermediates/manifest_merge_blame_file/release/manifest-merger-blame-release-report.txt
1<?xml version="1.0" encoding="utf-8"?>
2<manifest xmlns:android="http://schemas.android.com/apk/res/android"
3    package="com.financeapp"
4    android:versionCode="1"
5    android:versionName="1.0" >
6
7    <uses-sdk
8        android:minSdkVersion="21"
8-->src/main/AndroidManifest.xml
9        android:targetSdkVersion="31" />
9-->src/main/AndroidManifest.xml
10
11    <uses-permission android:name="android.permission.INTERNET" />
11-->src/main/AndroidManifest.xml:4:5-67
11-->src/main/AndroidManifest.xml:4:22-64
12
13    <application
13-->src/main/AndroidManifest.xml:6:5-25:19
14        android:name="com.financeapp.MainApplication"
14-->src/main/AndroidManifest.xml:7:7-38
15        android:allowBackup="false"
15-->src/main/AndroidManifest.xml:11:7-34
16        android:appComponentFactory="androidx.core.app.CoreComponentFactory"
16-->[androidx.core:core:1.7.0] AndroidManifest.xml:24:18-86
17        android:icon="@mipmap/ic_launcher"
17-->src/main/AndroidManifest.xml:9:7-41
18        android:label="@string/app_name"
18-->src/main/AndroidManifest.xml:8:7-39
19        android:roundIcon="@mipmap/ic_launcher_round"
19-->src/main/AndroidManifest.xml:10:7-52
20        android:theme="@style/AppTheme" >
20-->src/main/AndroidManifest.xml:12:7-38
21        <activity
21-->src/main/AndroidManifest.xml:13:7-24:18
22            android:name="com.financeapp.MainActivity"
22-->src/main/AndroidManifest.xml:14:9-37
23            android:configChanges="keyboard|keyboardHidden|orientation|screenLayout|screenSize|smallestScreenSize|uiMode"
23-->src/main/AndroidManifest.xml:16:9-118
24            android:exported="true"
24-->src/main/AndroidManifest.xml:19:9-32
25            android:label="@string/app_name"
25-->src/main/AndroidManifest.xml:15:9-41
26            android:launchMode="singleTask"
26-->src/main/AndroidManifest.xml:17:9-40
27            android:windowSoftInputMode="adjustResize" >
27-->src/main/AndroidManifest.xml:18:9-51
28            <intent-filter>
28-->src/main/AndroidManifest.xml:20:9-23:25
29                <action android:name="android.intent.action.MAIN" />
29-->src/main/AndroidManifest.xml:21:13-65
29-->src/main/AndroidManifest.xml:21:21-62
30
31                <category android:name="android.intent.category.LAUNCHER" />
31-->src/main/AndroidManifest.xml:22:13-73
31-->src/main/AndroidManifest.xml:22:23-70
32            </intent-filter>
33        </activity>
34
35        <meta-data
35-->[com.github.bumptech.glide:okhttp3-integration:4.12.0] AndroidManifest.xml:11:9-13:43
36            android:name="com.bumptech.glide.integration.okhttp3.OkHttpGlideModule"
36-->[com.github.bumptech.glide:okhttp3-integration:4.12.0] AndroidManifest.xml:12:13-84
37            android:value="GlideModule" />
37-->[com.github.bumptech.glide:okhttp3-integration:4.12.0] AndroidManifest.xml:13:13-40
38
39        <provider
39-->[androidx.emoji2:emoji2:1.0.0] AndroidManifest.xml:26:9-34:20
40            android:name="androidx.startup.InitializationProvider"
40-->[androidx.emoji2:emoji2:1.0.0] AndroidManifest.xml:27:13-67
41            android:authorities="com.financeapp.androidx-startup"
41-->[androidx.emoji2:emoji2:1.0.0] AndroidManifest.xml:28:13-68
42            android:exported="false" >
42-->[androidx.emoji2:emoji2:1.0.0] AndroidManifest.xml:29:13-37
43            <meta-data
43-->[androidx.emoji2:emoji2:1.0.0] AndroidManifest.xml:31:13-33:52
44                android:name="androidx.emoji2.text.EmojiCompatInitializer"
44-->[androidx.emoji2:emoji2:1.0.0] AndroidManifest.xml:32:17-75
45                android:value="androidx.startup" />
45-->[androidx.emoji2:emoji2:1.0.0] AndroidManifest.xml:33:17-49
46            <meta-data
46-->[androidx.lifecycle:lifecycle-process:2.4.0] AndroidManifest.xml:31:13-33:52
47                android:name="androidx.lifecycle.ProcessLifecycleInitializer"
47-->[androidx.lifecycle:lifecycle-process:2.4.0] AndroidManifest.xml:32:17-78
48                android:value="androidx.startup" />
48-->[androidx.lifecycle:lifecycle-process:2.4.0] AndroidManifest.xml:33:17-49
49        </provider>
50    </application>
51
52</manifest>